<?xml version="1.0" encoding="UTF-8"?>
<!-- Generated by org.testng.reporters.JUnitReportReporter -->
<testsuite hostname="LinhLe" failures="0" tests="4" name="petStore.api.test.UserTests2" time="10.890" errors="0" timestamp="17 thg 9 2023 07:40:01 GMT" skipped="0">
  <testcase classname="petStore.api.test.UserTests2" name="testPostUser" time="4.355"/>
  <testcase classname="petStore.api.test.UserTests2" name="testGetUserByName" time="1.918"/>
  <testcase classname="petStore.api.test.UserTests2" name="testUpdateUserByName" time="3.236"/>
  <testcase classname="petStore.api.test.UserTests2" name="testDeleteUserByName" time="1.381"/>
</testsuite> <!-- petStore.api.test.UserTests2 -->
