<?xml version="1.0" encoding="UTF-8"?>
<!-- Generated by org.testng.reporters.JUnitReportReporter -->
<testsuite hostname="LinhLe" failures="0" tests="2" name="petStore.api.test.UserTests" time="6.698" errors="0" timestamp="29 thg 9 2023 13:18:06 GMT" skipped="0">
  <testcase classname="petStore.api.test.UserTests" name="testPostUser" time="4.349"/>
  <testcase classname="petStore.api.test.UserTests" name="testGetUserByName" time="2.349"/>
</testsuite> <!-- petStore.api.test.UserTests -->
