<?xml version="1.0" encoding="UTF-8"?>
<!-- Generated by org.testng.reporters.JUnitReportReporter -->
<testsuite hostname="LinhLe" failures="0" tests="6" name="petStore.api.test.DataDrivenTests" time="13.902" errors="0" timestamp="24 thg 9 2023 08:37:42 GMT" skipped="0">
  <testcase classname="petStore.api.test.DataDrivenTests" name="testPostUser" time="3.779"/>
  <testcase classname="petStore.api.test.DataDrivenTests" name="testPostUser" time="1.317"/>
  <testcase classname="petStore.api.test.DataDrivenTests" name="testPostUser" time="3.295"/>
  <testcase classname="petStore.api.test.DataDrivenTests" name="testDeleteUserByName" time="1.265"/>
  <testcase classname="petStore.api.test.DataDrivenTests" name="testDeleteUserByName" time="3.019"/>
  <testcase classname="petStore.api.test.DataDrivenTests" name="testDeleteUserByName" time="1.227"/>
</testsuite> <!-- petStore.api.test.DataDrivenTests -->
