<?xml version="1.0" encoding="UTF-8"?>
<!-- Generated by org.testng.reporters.JUnitReportReporter -->
<testsuite hostname="LinhLe" failures="0" tests="4" name="petStore.api.test.UserTests" time="10.612" errors="0" timestamp="17 thg 9 2023 03:29:20 GMT" skipped="0">
  <testcase classname="petStore.api.test.UserTests" name="testPostUser" time="4.819"/>
  <testcase classname="petStore.api.test.UserTests" name="testGetUserByName" time="1.828"/>
  <testcase classname="petStore.api.test.UserTests" name="testUpdateUserByName" time="2.667"/>
  <testcase classname="petStore.api.test.UserTests" name="testDeleteUserByName" time="1.298"/>
</testsuite> <!-- petStore.api.test.UserTests -->
