<?xml version="1.0" encoding="UTF-8"?>
<!-- Generated by org.testng.reporters.JUnitReportReporter -->
<testsuite hostname="LinhLe" failures="0" tests="1" name="autoApiRestAssure.HTTPRequests" time="3.929" errors="0" timestamp="28 thg 8 2023 15:53:01 GMT" skipped="0">
  <testcase classname="autoApiRestAssure.HTTPRequests" name="getUser" time="3.929"/>
</testsuite> <!-- autoApiRestAssure.HTTPRequests -->
