<?xml version="1.0" encoding="UTF-8"?>
<!-- Generated by org.testng.reporters.JUnitReportReporter -->
<testsuite hostname="LinhLe" failures="0" tests="3" name="com.nopcommerce.user.Level_20_Faker_Data" time="5.607" errors="0" timestamp="24 thg 8 2023 15:04:12 GMT" skipped="0">
  <testcase classname="com.nopcommerce.user.Level_20_Faker_Data" name="User_03_My_Account" time="0.519"/>
  <testcase classname="com.nopcommerce.user.Level_20_Faker_Data" name="User_02_Login" time="1.756"/>
  <testcase classname="com.nopcommerce.user.Level_20_Faker_Data" name="User_01_Register" time="3.332"/>
</testsuite> <!-- com.nopcommerce.user.Level_20_Faker_Data -->
